<?xml version="1.0" encoding="UTF-8"?>
<coverage generated="1635356011527" clover="3.2.0">
  <project timestamp="1635356011528" name="All files">
    <metrics statements="16" coveredstatements="16" conditionals="4" coveredconditionals="4" methods="3" coveredmethods="3" elements="23" coveredelements="23" complexity="0" loc="16" ncloc="16" packages="1" files="2" classes="2"/>
    <file name="main.ts" path="/Users/todatoshiyuki/00_Kodak/00_work/02_program/node-typescript-env-example/src/main.ts">
      <metrics statements="14" coveredstatements="14" conditionals="4" coveredconditionals="4" methods="2" coveredmethods="2"/>
      <line num="1" count="1" type="stmt"/>
      <line num="2" count="1" type="stmt"/>
      <line num="5" count="3" type="stmt"/>
      <line num="8" count="1" type="stmt"/>
      <line num="9" count="3" type="stmt"/>
      <line num="10" count="3" type="stmt"/>
      <line num="12" count="3" type="stmt"/>
      <line num="13" count="3" type="stmt"/>
      <line num="14" count="3" type="stmt"/>
      <line num="20" count="2" type="cond" truecount="4" falsecount="0"/>
      <line num="21" count="1" type="stmt"/>
      <line num="23" count="1" type="stmt"/>
      <line num="25" count="1" type="stmt"/>
      <line num="26" count="1" type="stmt"/>
    </file>
    <file name="sub.ts" path="/Users/todatoshiyuki/00_Kodak/00_work/02_program/node-typescript-env-example/src/sub.ts">
      <metrics statements="2" coveredstatements="2" conditionals="0" coveredconditionals="0" methods="1" coveredmethods="1"/>
      <line num="1" count="1" type="stmt"/>
      <line num="2" count="3" type="stmt"/>
    </file>
  </project>
</coverage>
