{"/Users/toda/00_work/99_etc/node-typescript-env-example/src/main.ts": {"path":"/Users/toda/00_work/99_etc/node-typescript-env-example/src/main.ts","statementMap":{"0":{"start":{"line":8,"column":22},"end":{"line":8,"column":26}},"1":{"start":{"line":1,"column":43},"end":{"line":1,"column":null}},"2":{"start":{"line":2,"column":20},"end":{"line":2,"column":null}},"3":{"start":{"line":5,"column":2},"end":{"line":5,"column":33}},"4":{"start":{"line":9,"column":2},"end":{"line":9,"column":16}},"5":{"start":{"line":10,"column":2},"end":{"line":10,"column":8}},"6":{"start":{"line":12,"column":2},"end":{"line":30,"column":3}},"7":{"start":{"line":13,"column":15},"end":{"line":13,"column":57}},"8":{"start":{"line":14,"column":16},"end":{"line":18,"column":null}},"9":{"start":{"line":20,"column":4},"end":{"line":25,"column":5}},"10":{"start":{"line":24,"column":6},"end":{"line":24,"column":18}},"11":{"start":{"line":26,"column":4},"end":{"line":26,"column":16}},"12":{"start":{"line":28,"column":4},"end":{"line":28,"column":23}},"13":{"start":{"line":29,"column":4},"end":{"line":29,"column":16}}},"fnMap":{"0":{"name":"(anonymous_0)","decl":{"start":{"line":8,"column":22},"end":{"line":8,"column":26}},"loc":{"start":{"line":8,"column":22},"end":{"line":8,"column":26}}},"1":{"name":"hello","decl":{"start":{"line":4,"column":9},"end":{"line":4,"column":14}},"loc":{"start":{"line":4,"column":29},"end":{"line":6,"column":1}}}},"branchMap":{"0":{"loc":{"start":{"line":20,"column":4},"end":{"line":25,"column":5}},"type":"if","locations":[{"start":{"line":20,"column":4},"end":{"line":25,"column":5}}]},"1":{"loc":{"start":{"line":21,"column":6},"end":{"line":22,"column":41}},"type":"binary-expr","locations":[{"start":{"line":21,"column":6},"end":{"line":21,"column":48}},{"start":{"line":22,"column":6},"end":{"line":22,"column":41}}]}},"s":{"0":3,"1":1,"2":1,"3":3,"4":3,"5":3,"6":3,"7":3,"8":3,"9":2,"10":1,"11":1,"12":1,"13":1},"f":{"0":6,"1":3},"b":{"0":[1],"1":[2,2]}}
,"/Users/toda/00_work/99_etc/node-typescript-env-example/src/sub.ts": {"path":"/Users/toda/00_work/99_etc/node-typescript-env-example/src/sub.ts","statementMap":{"0":{"start":{"line":1,"column":16},"end":{"line":1,"column":19}},"1":{"start":{"line":2,"column":2},"end":{"line":2,"column":30}}},"fnMap":{"0":{"name":"(anonymous_0)","decl":{"start":{"line":1,"column":16},"end":{"line":1,"column":19}},"loc":{"start":{"line":1,"column":16},"end":{"line":1,"column":19}}}},"branchMap":{},"s":{"0":3,"1":3},"f":{"0":6},"b":{}}
}
